{"/Users/dmitry/code/kirobo/ki-safe-transfer-lib/src/config.ts": {"path":"/Users/dmitry/code/kirobo/ki-safe-transfer-lib/src/config.ts","statementMap":{"0":{"start":{"line":2,"column":0},"end":{"line":2,"column":59}},"1":{"start":{"line":4,"column":0},"end":{"line":4,"column":null}},"2":{"start":{"line":9,"column":2},"end":{"line":9,"column":14}},"3":{"start":{"line":9,"column":16},"end":{"line":9,"column":21}},"4":{"start":{"line":9,"column":23},"end":{"line":9,"column":30}},"5":{"start":{"line":9,"column":32},"end":{"line":9,"column":40}},"6":{"start":{"line":15,"column":9},"end":{"line":15,"column":null}},"7":{"start":{"line":15,"column":29},"end":{"line":15,"column":null}},"8":{"start":{"line":17,"column":9},"end":{"line":21,"column":null}},"9":{"start":{"line":17,"column":26},"end":{"line":17,"column":31}},"10":{"start":{"line":17,"column":33},"end":{"line":17,"column":40}},"11":{"start":{"line":17,"column":42},"end":{"line":17,"column":50}},"12":{"start":{"line":18,"column":4},"end":{"line":18,"column":null}},"13":{"start":{"line":18,"column":40},"end":{"line":18,"column":null}},"14":{"start":{"line":19,"column":4},"end":{"line":19,"column":null}},"15":{"start":{"line":19,"column":49},"end":{"line":19,"column":null}},"16":{"start":{"line":20,"column":4},"end":{"line":20,"column":null}},"17":{"start":{"line":20,"column":46},"end":{"line":20,"column":null}},"18":{"start":{"line":10,"column":4},"end":{"line":10,"column":null}},"19":{"start":{"line":11,"column":4},"end":{"line":11,"column":null}},"20":{"start":{"line":12,"column":4},"end":{"line":12,"column":null}},"21":{"start":{"line":22,"column":0},"end":{"line":22,"column":null}},"22":{"start":{"line":24,"column":0},"end":{"line":24,"column":null}}},"fnMap":{"0":{"name":"(anonymous_0)","decl":{"start":{"line":4,"column":0},"end":{"line":4,"column":null}},"loc":{"start":{"line":4,"column":0},"end":{"line":22,"column":null}}},"1":{"name":"Config","decl":{"start":{"line":9,"column":2},"end":{"line":9,"column":14}},"loc":{"start":{"line":9,"column":55},"end":{"line":13,"column":3}}},"2":{"name":"(anonymous_2)","decl":{"start":{"line":15,"column":23},"end":{"line":15,"column":29}},"loc":{"start":{"line":15,"column":23},"end":{"line":15,"column":30}}},"3":{"name":"(anonymous_3)","decl":{"start":{"line":17,"column":23},"end":{"line":17,"column":24}},"loc":{"start":{"line":17,"column":65},"end":{"line":21,"column":3}}}},"branchMap":{"0":{"loc":{"start":{"line":18,"column":4},"end":{"line":18,"column":null}},"type":"if","locations":[{"start":{"line":18,"column":4},"end":{"line":18,"column":null}},{"start":{"line":18,"column":4},"end":{"line":18,"column":null}}]},"1":{"loc":{"start":{"line":18,"column":8},"end":{"line":18,"column":13}},"type":"binary-expr","locations":[{"start":{"line":18,"column":8},"end":{"line":18,"column":13}},{"start":{"line":18,"column":17},"end":{"line":18,"column":38}}]},"2":{"loc":{"start":{"line":19,"column":4},"end":{"line":19,"column":null}},"type":"if","locations":[{"start":{"line":19,"column":4},"end":{"line":19,"column":null}},{"start":{"line":19,"column":4},"end":{"line":19,"column":null}}]},"3":{"loc":{"start":{"line":19,"column":8},"end":{"line":19,"column":16}},"type":"binary-expr","locations":[{"start":{"line":19,"column":8},"end":{"line":19,"column":16}},{"start":{"line":19,"column":20},"end":{"line":19,"column":47}}]},"4":{"loc":{"start":{"line":20,"column":4},"end":{"line":20,"column":null}},"type":"if","locations":[{"start":{"line":20,"column":4},"end":{"line":20,"column":null}},{"start":{"line":20,"column":4},"end":{"line":20,"column":null}}]},"5":{"loc":{"start":{"line":20,"column":8},"end":{"line":20,"column":15}},"type":"binary-expr","locations":[{"start":{"line":20,"column":8},"end":{"line":20,"column":15}},{"start":{"line":20,"column":19},"end":{"line":20,"column":44}}]},"6":{"loc":{"start":{"line":10,"column":26},"end":{"line":10,"column":31}},"type":"cond-expr","locations":[{"start":{"line":10,"column":26},"end":{"line":10,"column":31}},{"start":{"line":10,"column":34},"end":{"line":10,"column":50}}]},"7":{"loc":{"start":{"line":11,"column":32},"end":{"line":11,"column":40}},"type":"cond-expr","locations":[{"start":{"line":11,"column":32},"end":{"line":11,"column":40}},{"start":{"line":11,"column":43},"end":{"line":11,"column":61}}]},"8":{"loc":{"start":{"line":12,"column":30},"end":{"line":12,"column":37}},"type":"cond-expr","locations":[{"start":{"line":12,"column":30},"end":{"line":12,"column":37}},{"start":{"line":12,"column":40},"end":{"line":12,"column":56}}]}},"s":{"0":1,"1":1,"2":2,"3":2,"4":2,"5":2,"6":2,"7":0,"8":2,"9":0,"10":0,"11":0,"12":0,"13":0,"14":0,"15":0,"16":0,"17":0,"18":2,"19":2,"20":2,"21":1,"22":1},"f":{"0":1,"1":2,"2":0,"3":0},"b":{"0":[0,0],"1":[0,0],"2":[0,0],"3":[0,0],"4":[0,0],"5":[0,0],"6":[0,2],"7":[0,2],"8":[0,2]}}
,"/Users/dmitry/code/kirobo/ki-safe-transfer-lib/src/index.ts": {"path":"/Users/dmitry/code/kirobo/ki-safe-transfer-lib/src/index.ts","statementMap":{"0":{"start":{"line":1,"column":0},"end":{"line":1,"column":29}},"1":{"start":{"line":4,"column":15},"end":{"line":4,"column":29}},"2":{"start":{"line":11,"column":0},"end":{"line":11,"column":null}},"3":{"start":{"line":13,"column":2},"end":{"line":13,"column":14}},"4":{"start":{"line":18,"column":9},"end":{"line":18,"column":null}},"5":{"start":{"line":18,"column":29},"end":{"line":18,"column":null}},"6":{"start":{"line":14,"column":10},"end":{"line":14,"column":12}},"7":{"start":{"line":14,"column":12},"end":{"line":14,"column":17}},"8":{"start":{"line":14,"column":19},"end":{"line":14,"column":27}},"9":{"start":{"line":14,"column":29},"end":{"line":14,"column":65}},"10":{"start":{"line":15,"column":4},"end":{"line":15,"column":null}},"11":{"start":{"line":19,"column":0},"end":{"line":19,"column":null}},"12":{"start":{"line":21,"column":0},"end":{"line":21,"column":23}},"13":{"start":{"line":22,"column":0},"end":{"line":22,"column":null}}},"fnMap":{"0":{"name":"(anonymous_2)","decl":{"start":{"line":11,"column":0},"end":{"line":11,"column":null}},"loc":{"start":{"line":11,"column":0},"end":{"line":19,"column":null}}},"1":{"name":"Service","decl":{"start":{"line":13,"column":2},"end":{"line":13,"column":14}},"loc":{"start":{"line":13,"column":41},"end":{"line":16,"column":3}}},"2":{"name":"(anonymous_4)","decl":{"start":{"line":18,"column":23},"end":{"line":18,"column":29}},"loc":{"start":{"line":18,"column":23},"end":{"line":18,"column":33}}}},"branchMap":{},"s":{"0":1,"1":1,"2":1,"3":1,"4":1,"5":0,"6":1,"7":1,"8":1,"9":1,"10":1,"11":1,"12":1,"13":1},"f":{"0":1,"1":1,"2":0},"b":{}}
,"/Users/dmitry/code/kirobo/ki-safe-transfer-lib/src/types.ts": {"path":"/Users/dmitry/code/kirobo/ki-safe-transfer-lib/src/types.ts","statementMap":{"0":{"start":{"line":1,"column":0},"end":{"line":1,"column":null}},"1":{"start":{"line":2,"column":2},"end":{"line":2,"column":null}},"2":{"start":{"line":5,"column":0},"end":{"line":5,"column":null}},"3":{"start":{"line":6,"column":2},"end":{"line":6,"column":null}},"4":{"start":{"line":7,"column":2},"end":{"line":7,"column":null}},"5":{"start":{"line":10,"column":0},"end":{"line":10,"column":null}},"6":{"start":{"line":11,"column":2},"end":{"line":11,"column":null}},"7":{"start":{"line":12,"column":2},"end":{"line":12,"column":null}},"8":{"start":{"line":13,"column":2},"end":{"line":13,"column":null}}},"fnMap":{"0":{"name":"(anonymous_0)","decl":{"start":{"line":1,"column":0},"end":{"line":1,"column":12}},"loc":{"start":{"line":1,"column":22},"end":{"line":3,"column":1}}},"1":{"name":"(anonymous_1)","decl":{"start":{"line":5,"column":0},"end":{"line":5,"column":12}},"loc":{"start":{"line":5,"column":20},"end":{"line":8,"column":1}}},"2":{"name":"(anonymous_2)","decl":{"start":{"line":10,"column":0},"end":{"line":10,"column":12}},"loc":{"start":{"line":10,"column":23},"end":{"line":14,"column":1}}}},"branchMap":{"0":{"loc":{"start":{"line":1,"column":12},"end":{"line":1,"column":22}},"type":"binary-expr","locations":[{"start":{"line":1,"column":12},"end":{"line":1,"column":22}},{"start":{"line":1,"column":12},"end":{"line":1,"column":null}}]},"1":{"loc":{"start":{"line":5,"column":12},"end":{"line":5,"column":20}},"type":"binary-expr","locations":[{"start":{"line":5,"column":12},"end":{"line":5,"column":20}},{"start":{"line":5,"column":12},"end":{"line":5,"column":null}}]},"2":{"loc":{"start":{"line":10,"column":12},"end":{"line":10,"column":23}},"type":"binary-expr","locations":[{"start":{"line":10,"column":12},"end":{"line":10,"column":23}},{"start":{"line":10,"column":12},"end":{"line":10,"column":null}}]}},"s":{"0":1,"1":1,"2":1,"3":1,"4":1,"5":1,"6":1,"7":1,"8":1},"f":{"0":1,"1":1,"2":1},"b":{"0":[1,1],"1":[1,1],"2":[1,1]}}
}
