{"/Users/dmitry/code/kirobo/ki-safe-transfer-lib/src/config.ts": {"path":"/Users/dmitry/code/kirobo/ki-safe-transfer-lib/src/config.ts","statementMap":{"0":{"start":{"line":1,"column":0},"end":{"line":1,"column":60}},"1":{"start":{"line":2,"column":0},"end":{"line":2,"column":33}},"2":{"start":{"line":3,"column":0},"end":{"line":3,"column":50}},"3":{"start":{"line":6,"column":0},"end":{"line":6,"column":null}},"4":{"start":{"line":30,"column":0},"end":{"line":30,"column":null}},"5":{"start":{"line":51,"column":2},"end":{"line":51,"column":14}},"6":{"start":{"line":51,"column":16},"end":{"line":51,"column":21}},"7":{"start":{"line":51,"column":23},"end":{"line":51,"column":30}},"8":{"start":{"line":51,"column":32},"end":{"line":51,"column":40}},"9":{"start":{"line":51,"column":42},"end":{"line":51,"column":48}},"10":{"start":{"line":51,"column":50},"end":{"line":51,"column":59}},"11":{"start":{"line":51,"column":61},"end":{"line":51,"column":73}},"12":{"start":{"line":32,"column":12},"end":{"line":32,"column":null}},"13":{"start":{"line":33,"column":12},"end":{"line":33,"column":null}},"14":{"start":{"line":34,"column":12},"end":{"line":38,"column":null}},"15":{"start":{"line":40,"column":10},"end":{"line":40,"column":null}},"16":{"start":{"line":41,"column":10},"end":{"line":41,"column":null}},"17":{"start":{"line":119,"column":10},"end":{"line":124,"column":null}},"18":{"start":{"line":120,"column":4},"end":{"line":120,"column":null}},"19":{"start":{"line":120,"column":15},"end":{"line":120,"column":null}},"20":{"start":{"line":121,"column":4},"end":{"line":121,"column":null}},"21":{"start":{"line":121,"column":22},"end":{"line":121,"column":null}},"22":{"start":{"line":122,"column":4},"end":{"line":122,"column":null}},"23":{"start":{"line":122,"column":21},"end":{"line":122,"column":null}},"24":{"start":{"line":123,"column":4},"end":{"line":123,"column":null}},"25":{"start":{"line":126,"column":10},"end":{"line":130,"column":null}},"26":{"start":{"line":127,"column":17},"end":{"line":127,"column":55}},"27":{"start":{"line":128,"column":4},"end":{"line":128,"column":null}},"28":{"start":{"line":128,"column":41},"end":{"line":128,"column":null}},"29":{"start":{"line":129,"column":4},"end":{"line":129,"column":null}},"30":{"start":{"line":132,"column":9},"end":{"line":132,"column":null}},"31":{"start":{"line":132,"column":47},"end":{"line":132,"column":null}},"32":{"start":{"line":134,"column":9},"end":{"line":139,"column":null}},"33":{"start":{"line":134,"column":39},"end":{"line":139,"column":null}},"34":{"start":{"line":52,"column":4},"end":{"line":52,"column":null}},"35":{"start":{"line":53,"column":4},"end":{"line":53,"column":null}},"36":{"start":{"line":54,"column":4},"end":{"line":54,"column":null}},"37":{"start":{"line":55,"column":4},"end":{"line":55,"column":null}},"38":{"start":{"line":56,"column":4},"end":{"line":56,"column":null}},"39":{"start":{"line":59,"column":19},"end":{"line":59,"column":32}},"40":{"start":{"line":61,"column":4},"end":{"line":61,"column":null}},"41":{"start":{"line":64,"column":4},"end":{"line":78,"column":null}},"42":{"start":{"line":65,"column":6},"end":{"line":72,"column":null}},"43":{"start":{"line":66,"column":8},"end":{"line":69,"column":null}},"44":{"start":{"line":70,"column":8},"end":{"line":70,"column":null}},"45":{"start":{"line":71,"column":8},"end":{"line":71,"column":null}},"46":{"start":{"line":71,"column":26},"end":{"line":71,"column":null}},"47":{"start":{"line":74,"column":6},"end":{"line":77,"column":null}},"48":{"start":{"line":80,"column":4},"end":{"line":93,"column":null}},"49":{"start":{"line":81,"column":6},"end":{"line":87,"column":null}},"50":{"start":{"line":82,"column":8},"end":{"line":86,"column":null}},"51":{"start":{"line":89,"column":6},"end":{"line":92,"column":null}},"52":{"start":{"line":96,"column":4},"end":{"line":116,"column":null}},"53":{"start":{"line":98,"column":6},"end":{"line":107,"column":null}},"54":{"start":{"line":99,"column":8},"end":{"line":106,"column":null}},"55":{"start":{"line":102,"column":12},"end":{"line":102,"column":null}},"56":{"start":{"line":102,"column":35},"end":{"line":102,"column":null}},"57":{"start":{"line":105,"column":12},"end":{"line":105,"column":null}},"58":{"start":{"line":105,"column":34},"end":{"line":105,"column":null}},"59":{"start":{"line":110,"column":6},"end":{"line":112,"column":null}},"60":{"start":{"line":111,"column":8},"end":{"line":111,"column":null}},"61":{"start":{"line":111,"column":30},"end":{"line":111,"column":null}},"62":{"start":{"line":113,"column":6},"end":{"line":115,"column":null}},"63":{"start":{"line":114,"column":8},"end":{"line":114,"column":null}},"64":{"start":{"line":114,"column":31},"end":{"line":114,"column":null}},"65":{"start":{"line":140,"column":0},"end":{"line":140,"column":null}},"66":{"start":{"line":142,"column":0},"end":{"line":142,"column":null}}},"fnMap":{"0":{"name":"(anonymous_1)","decl":{"start":{"line":30,"column":0},"end":{"line":30,"column":null}},"loc":{"start":{"line":30,"column":0},"end":{"line":140,"column":null}}},"1":{"name":"Config","decl":{"start":{"line":51,"column":2},"end":{"line":51,"column":14}},"loc":{"start":{"line":51,"column":88},"end":{"line":117,"column":3}}},"2":{"name":"(anonymous_3)","decl":{"start":{"line":119,"column":32},"end":{"line":119,"column":33}},"loc":{"start":{"line":119,"column":63},"end":{"line":124,"column":3}}},"3":{"name":"(anonymous_4)","decl":{"start":{"line":126,"column":30},"end":{"line":126,"column":31}},"loc":{"start":{"line":126,"column":50},"end":{"line":130,"column":3}}},"4":{"name":"(anonymous_5)","decl":{"start":{"line":132,"column":22},"end":{"line":132,"column":23}},"loc":{"start":{"line":132,"column":42},"end":{"line":132,"column":51}}},"5":{"name":"(anonymous_6)","decl":{"start":{"line":134,"column":23},"end":{"line":134,"column":39}},"loc":{"start":{"line":134,"column":23},"end":{"line":134,"column":40}}},"6":{"name":"(anonymous_7)","decl":{"start":{"line":55,"column":46},"end":{"line":55,"column":53}},"loc":{"start":{"line":55,"column":46},"end":{"line":55,"column":54}}},"7":{"name":"(anonymous_8)","decl":{"start":{"line":56,"column":37},"end":{"line":56,"column":38}},"loc":{"start":{"line":56,"column":40},"end":{"line":56,"column":47}}},"8":{"name":"(anonymous_9)","decl":{"start":{"line":65,"column":27},"end":{"line":65,"column":null}},"loc":{"start":{"line":65,"column":27},"end":{"line":72,"column":7}}},"9":{"name":"(anonymous_10)","decl":{"start":{"line":81,"column":30},"end":{"line":81,"column":31}},"loc":{"start":{"line":81,"column":43},"end":{"line":82,"column":12}}},"10":{"name":"(anonymous_11)","decl":{"start":{"line":98,"column":18},"end":{"line":98,"column":null}},"loc":{"start":{"line":98,"column":18},"end":{"line":107,"column":7}}},"11":{"name":"(anonymous_12)","decl":{"start":{"line":101,"column":16},"end":{"line":101,"column":null}},"loc":{"start":{"line":101,"column":16},"end":{"line":103,"column":11}}},"12":{"name":"(anonymous_13)","decl":{"start":{"line":104,"column":17},"end":{"line":104,"column":null}},"loc":{"start":{"line":104,"column":17},"end":{"line":106,"column":11}}},"13":{"name":"(anonymous_14)","decl":{"start":{"line":110,"column":41},"end":{"line":110,"column":null}},"loc":{"start":{"line":110,"column":41},"end":{"line":112,"column":7}}},"14":{"name":"(anonymous_15)","decl":{"start":{"line":113,"column":40},"end":{"line":113,"column":null}},"loc":{"start":{"line":113,"column":40},"end":{"line":115,"column":7}}}},"branchMap":{"0":{"loc":{"start":{"line":120,"column":4},"end":{"line":120,"column":null}},"type":"if","locations":[{"start":{"line":120,"column":4},"end":{"line":120,"column":null}},{"start":{"line":120,"column":4},"end":{"line":120,"column":null}}]},"1":{"loc":{"start":{"line":121,"column":4},"end":{"line":121,"column":null}},"type":"if","locations":[{"start":{"line":121,"column":4},"end":{"line":121,"column":null}},{"start":{"line":121,"column":4},"end":{"line":121,"column":null}}]},"2":{"loc":{"start":{"line":122,"column":4},"end":{"line":122,"column":null}},"type":"if","locations":[{"start":{"line":122,"column":4},"end":{"line":122,"column":null}},{"start":{"line":122,"column":4},"end":{"line":122,"column":null}}]},"3":{"loc":{"start":{"line":128,"column":4},"end":{"line":128,"column":null}},"type":"if","locations":[{"start":{"line":128,"column":4},"end":{"line":128,"column":null}},{"start":{"line":128,"column":4},"end":{"line":128,"column":null}}]},"4":{"loc":{"start":{"line":53,"column":32},"end":{"line":53,"column":40}},"type":"cond-expr","locations":[{"start":{"line":53,"column":32},"end":{"line":53,"column":40}},{"start":{"line":53,"column":43},"end":{"line":53,"column":61}}]},"5":{"loc":{"start":{"line":54,"column":30},"end":{"line":54,"column":37}},"type":"cond-expr","locations":[{"start":{"line":54,"column":30},"end":{"line":54,"column":37}},{"start":{"line":54,"column":40},"end":{"line":54,"column":56}}]},"6":{"loc":{"start":{"line":55,"column":34},"end":{"line":55,"column":43}},"type":"cond-expr","locations":[{"start":{"line":55,"column":34},"end":{"line":55,"column":43}},{"start":{"line":55,"column":46},"end":{"line":55,"column":54}}]},"7":{"loc":{"start":{"line":56,"column":28},"end":{"line":56,"column":34}},"type":"cond-expr","locations":[{"start":{"line":56,"column":28},"end":{"line":56,"column":34}},{"start":{"line":56,"column":37},"end":{"line":56,"column":47}}]},"8":{"loc":{"start":{"line":71,"column":8},"end":{"line":71,"column":null}},"type":"if","locations":[{"start":{"line":71,"column":8},"end":{"line":71,"column":null}},{"start":{"line":71,"column":8},"end":{"line":71,"column":null}}]},"9":{"loc":{"start":{"line":76,"column":52},"end":{"line":76,"column":61}},"type":"binary-expr","locations":[{"start":{"line":76,"column":52},"end":{"line":76,"column":61}},{"start":{"line":76,"column":65},"end":{"line":76,"column":67}}]},"10":{"loc":{"start":{"line":91,"column":55},"end":{"line":91,"column":64}},"type":"binary-expr","locations":[{"start":{"line":91,"column":55},"end":{"line":91,"column":64}},{"start":{"line":91,"column":68},"end":{"line":91,"column":70}}]},"11":{"loc":{"start":{"line":96,"column":4},"end":{"line":116,"column":null}},"type":"if","locations":[{"start":{"line":96,"column":4},"end":{"line":116,"column":null}},{"start":{"line":96,"column":4},"end":{"line":116,"column":null}}]},"12":{"loc":{"start":{"line":102,"column":12},"end":{"line":102,"column":null}},"type":"if","locations":[{"start":{"line":102,"column":12},"end":{"line":102,"column":null}},{"start":{"line":102,"column":12},"end":{"line":102,"column":null}}]},"13":{"loc":{"start":{"line":105,"column":12},"end":{"line":105,"column":null}},"type":"if","locations":[{"start":{"line":105,"column":12},"end":{"line":105,"column":null}},{"start":{"line":105,"column":12},"end":{"line":105,"column":null}}]},"14":{"loc":{"start":{"line":111,"column":8},"end":{"line":111,"column":null}},"type":"if","locations":[{"start":{"line":111,"column":8},"end":{"line":111,"column":null}},{"start":{"line":111,"column":8},"end":{"line":111,"column":null}}]},"15":{"loc":{"start":{"line":114,"column":8},"end":{"line":114,"column":null}},"type":"if","locations":[{"start":{"line":114,"column":8},"end":{"line":114,"column":null}},{"start":{"line":114,"column":8},"end":{"line":114,"column":null}}]}},"s":{"0":1,"1":1,"2":1,"3":1,"4":1,"5":1,"6":1,"7":1,"8":1,"9":1,"10":1,"11":1,"12":1,"13":1,"14":1,"15":1,"16":1,"17":1,"18":1,"19":0,"20":1,"21":1,"22":0,"23":0,"24":0,"25":1,"26":4,"27":4,"28":1,"29":3,"30":1,"31":4,"32":1,"33":1,"34":1,"35":1,"36":1,"37":1,"38":1,"39":1,"40":1,"41":1,"42":1,"43":1,"44":1,"45":1,"46":1,"47":0,"48":1,"49":1,"50":0,"51":0,"52":1,"53":0,"54":0,"55":0,"56":0,"57":0,"58":0,"59":1,"60":0,"61":0,"62":1,"63":0,"64":0,"65":1,"66":1},"f":{"0":1,"1":1,"2":1,"3":4,"4":4,"5":1,"6":0,"7":0,"8":1,"9":0,"10":0,"11":0,"12":0,"13":0,"14":0},"b":{"0":[0,1],"1":[1,0],"2":[0,0],"3":[1,3],"4":[0,1],"5":[0,1],"6":[1,0],"7":[1,0],"8":[1,0],"9":[0,0],"10":[0,0],"11":[0,1],"12":[0,0],"13":[0,0],"14":[0,0],"15":[0,0]}}
,"/Users/dmitry/code/kirobo/ki-safe-transfer-lib/src/index.ts": {"path":"/Users/dmitry/code/kirobo/ki-safe-transfer-lib/src/index.ts","statementMap":{"0":{"start":{"line":1,"column":0},"end":{"line":1,"column":29}},"1":{"start":{"line":2,"column":0},"end":{"line":2,"column":null}},"2":{"start":{"line":24,"column":0},"end":{"line":24,"column":60}},"3":{"start":{"line":33,"column":0},"end":{"line":33,"column":null}},"4":{"start":{"line":42,"column":2},"end":{"line":42,"column":14}},"5":{"start":{"line":40,"column":10},"end":{"line":40,"column":40}},"6":{"start":{"line":113,"column":10},"end":{"line":124,"column":null}},"7":{"start":{"line":117,"column":4},"end":{"line":117,"column":null}},"8":{"start":{"line":117,"column":55},"end":{"line":117,"column":null}},"9":{"start":{"line":119,"column":4},"end":{"line":123,"column":null}},"10":{"start":{"line":120,"column":6},"end":{"line":120,"column":null}},"11":{"start":{"line":120,"column":59},"end":{"line":120,"column":null}},"12":{"start":{"line":122,"column":6},"end":{"line":122,"column":null}},"13":{"start":{"line":127,"column":10},"end":{"line":135,"column":null}},"14":{"start":{"line":127,"column":23},"end":{"line":127,"column":27}},"15":{"start":{"line":127,"column":29},"end":{"line":127,"column":36}},"16":{"start":{"line":127,"column":38},"end":{"line":127,"column":45}},"17":{"start":{"line":129,"column":4},"end":{"line":134,"column":null}},"18":{"start":{"line":131,"column":6},"end":{"line":133,"column":null}},"19":{"start":{"line":131,"column":17},"end":{"line":131,"column":null}},"20":{"start":{"line":133,"column":11},"end":{"line":133,"column":null}},"21":{"start":{"line":133,"column":69},"end":{"line":133,"column":null}},"22":{"start":{"line":138,"column":10},"end":{"line":139,"column":null}},"23":{"start":{"line":139,"column":4},"end":{"line":139,"column":null}},"24":{"start":{"line":141,"column":10},"end":{"line":155,"column":null}},"25":{"start":{"line":142,"column":4},"end":{"line":154,"column":null}},"26":{"start":{"line":143,"column":6},"end":{"line":154,"column":null}},"27":{"start":{"line":146,"column":10},"end":{"line":146,"column":null}},"28":{"start":{"line":147,"column":10},"end":{"line":147,"column":null}},"29":{"start":{"line":150,"column":10},"end":{"line":153,"column":null}},"30":{"start":{"line":158,"column":9},"end":{"line":158,"column":null}},"31":{"start":{"line":158,"column":34},"end":{"line":158,"column":null}},"32":{"start":{"line":161,"column":9},"end":{"line":161,"column":null}},"33":{"start":{"line":161,"column":36},"end":{"line":161,"column":null}},"34":{"start":{"line":164,"column":9},"end":{"line":164,"column":null}},"35":{"start":{"line":164,"column":29},"end":{"line":164,"column":null}},"36":{"start":{"line":167,"column":9},"end":{"line":178,"column":null}},"37":{"start":{"line":168,"column":4},"end":{"line":178,"column":null}},"38":{"start":{"line":171,"column":32},"end":{"line":171,"column":84}},"39":{"start":{"line":172,"column":8},"end":{"line":172,"column":null}},"40":{"start":{"line":173,"column":8},"end":{"line":173,"column":null}},"41":{"start":{"line":176,"column":8},"end":{"line":176,"column":null}},"42":{"start":{"line":176,"column":59},"end":{"line":176,"column":null}},"43":{"start":{"line":177,"column":8},"end":{"line":177,"column":null}},"44":{"start":{"line":181,"column":9},"end":{"line":191,"column":null}},"45":{"start":{"line":182,"column":4},"end":{"line":191,"column":null}},"46":{"start":{"line":185,"column":8},"end":{"line":185,"column":null}},"47":{"start":{"line":186,"column":8},"end":{"line":186,"column":null}},"48":{"start":{"line":189,"column":8},"end":{"line":189,"column":null}},"49":{"start":{"line":189,"column":59},"end":{"line":189,"column":null}},"50":{"start":{"line":190,"column":8},"end":{"line":190,"column":null}},"51":{"start":{"line":194,"column":9},"end":{"line":213,"column":null}},"52":{"start":{"line":194,"column":53},"end":{"line":213,"column":null}},"53":{"start":{"line":196,"column":6},"end":{"line":196,"column":null}},"54":{"start":{"line":196,"column":37},"end":{"line":196,"column":null}},"55":{"start":{"line":197,"column":6},"end":{"line":200,"column":null}},"56":{"start":{"line":198,"column":8},"end":{"line":199,"column":null}},"57":{"start":{"line":199,"column":10},"end":{"line":199,"column":null}},"58":{"start":{"line":202,"column":43},"end":{"line":202,"column":null}},"59":{"start":{"line":202,"column":12},"end":{"line":202,"column":null}},"60":{"start":{"line":204,"column":6},"end":{"line":204,"column":null}},"61":{"start":{"line":206,"column":6},"end":{"line":206,"column":null}},"62":{"start":{"line":208,"column":6},"end":{"line":208,"column":null}},"63":{"start":{"line":210,"column":6},"end":{"line":210,"column":null}},"64":{"start":{"line":210,"column":57},"end":{"line":210,"column":null}},"65":{"start":{"line":211,"column":6},"end":{"line":211,"column":null}},"66":{"start":{"line":216,"column":9},"end":{"line":226,"column":null}},"67":{"start":{"line":216,"column":44},"end":{"line":226,"column":null}},"68":{"start":{"line":218,"column":6},"end":{"line":218,"column":null}},"69":{"start":{"line":220,"column":22},"end":{"line":220,"column":null}},"70":{"start":{"line":220,"column":12},"end":{"line":220,"column":null}},"71":{"start":{"line":221,"column":6},"end":{"line":221,"column":null}},"72":{"start":{"line":223,"column":6},"end":{"line":223,"column":null}},"73":{"start":{"line":223,"column":57},"end":{"line":223,"column":null}},"74":{"start":{"line":224,"column":6},"end":{"line":224,"column":null}},"75":{"start":{"line":229,"column":9},"end":{"line":249,"column":null}},"76":{"start":{"line":230,"column":4},"end":{"line":249,"column":null}},"77":{"start":{"line":233,"column":8},"end":{"line":233,"column":null}},"78":{"start":{"line":235,"column":8},"end":{"line":239,"column":null}},"79":{"start":{"line":242,"column":8},"end":{"line":242,"column":null}},"80":{"start":{"line":242,"column":59},"end":{"line":242,"column":null}},"81":{"start":{"line":243,"column":8},"end":{"line":243,"column":null}},"82":{"start":{"line":245,"column":8},"end":{"line":248,"column":null}},"83":{"start":{"line":44,"column":10},"end":{"line":44,"column":12}},"84":{"start":{"line":44,"column":12},"end":{"line":44,"column":17}},"85":{"start":{"line":44,"column":19},"end":{"line":44,"column":27}},"86":{"start":{"line":44,"column":29},"end":{"line":44,"column":36}},"87":{"start":{"line":44,"column":38},"end":{"line":44,"column":47}},"88":{"start":{"line":44,"column":49},"end":{"line":44,"column":76}},"89":{"start":{"line":45,"column":4},"end":{"line":45,"column":null}},"90":{"start":{"line":47,"column":19},"end":{"line":54,"column":6}},"91":{"start":{"line":57,"column":4},"end":{"line":60,"column":null}},"92":{"start":{"line":63,"column":4},"end":{"line":63,"column":null}},"93":{"start":{"line":64,"column":4},"end":{"line":64,"column":null}},"94":{"start":{"line":65,"column":4},"end":{"line":65,"column":null}},"95":{"start":{"line":66,"column":4},"end":{"line":66,"column":null}},"96":{"start":{"line":71,"column":4},"end":{"line":77,"column":null}},"97":{"start":{"line":72,"column":14},"end":{"line":72,"column":20}},"98":{"start":{"line":72,"column":22},"end":{"line":72,"column":28}},"99":{"start":{"line":73,"column":6},"end":{"line":76,"column":null}},"100":{"start":{"line":80,"column":4},"end":{"line":85,"column":null}},"101":{"start":{"line":81,"column":6},"end":{"line":84,"column":null}},"102":{"start":{"line":88,"column":4},"end":{"line":93,"column":null}},"103":{"start":{"line":89,"column":6},"end":{"line":92,"column":null}},"104":{"start":{"line":96,"column":4},"end":{"line":101,"column":null}},"105":{"start":{"line":97,"column":6},"end":{"line":100,"column":null}},"106":{"start":{"line":104,"column":4},"end":{"line":109,"column":null}},"107":{"start":{"line":105,"column":6},"end":{"line":108,"column":null}},"108":{"start":{"line":250,"column":0},"end":{"line":250,"column":null}},"109":{"start":{"line":252,"column":0},"end":{"line":252,"column":23}},"110":{"start":{"line":253,"column":0},"end":{"line":253,"column":null}}},"fnMap":{"0":{"name":"(anonymous_17)","decl":{"start":{"line":33,"column":0},"end":{"line":33,"column":null}},"loc":{"start":{"line":33,"column":0},"end":{"line":250,"column":null}}},"1":{"name":"Service","decl":{"start":{"line":42,"column":2},"end":{"line":42,"column":14}},"loc":{"start":{"line":42,"column":37},"end":{"line":110,"column":3}}},"2":{"name":"(anonymous_19)","decl":{"start":{"line":113,"column":23},"end":{"line":113,"column":null}},"loc":{"start":{"line":115,"column":77},"end":{"line":124,"column":3}}},"3":{"name":"(anonymous_20)","decl":{"start":{"line":127,"column":20},"end":{"line":127,"column":21}},"loc":{"start":{"line":127,"column":60},"end":{"line":135,"column":3}}},"4":{"name":"(anonymous_21)","decl":{"start":{"line":138,"column":23},"end":{"line":138,"column":24}},"loc":{"start":{"line":138,"column":54},"end":{"line":139,"column":8}}},"5":{"name":"(anonymous_22)","decl":{"start":{"line":141,"column":26},"end":{"line":141,"column":null}},"loc":{"start":{"line":141,"column":26},"end":{"line":155,"column":3}}},"6":{"name":"(anonymous_23)","decl":{"start":{"line":145,"column":14},"end":{"line":145,"column":15}},"loc":{"start":{"line":145,"column":43},"end":{"line":148,"column":9}}},"7":{"name":"(anonymous_24)","decl":{"start":{"line":149,"column":15},"end":{"line":149,"column":16}},"loc":{"start":{"line":149,"column":35},"end":{"line":154,"column":9}}},"8":{"name":"(anonymous_25)","decl":{"start":{"line":158,"column":28},"end":{"line":158,"column":34}},"loc":{"start":{"line":158,"column":28},"end":{"line":158,"column":38}}},"9":{"name":"(anonymous_26)","decl":{"start":{"line":161,"column":30},"end":{"line":161,"column":36}},"loc":{"start":{"line":161,"column":30},"end":{"line":161,"column":37}}},"10":{"name":"(anonymous_27)","decl":{"start":{"line":164,"column":23},"end":{"line":164,"column":29}},"loc":{"start":{"line":164,"column":23},"end":{"line":164,"column":33}}},"11":{"name":"(anonymous_28)","decl":{"start":{"line":167,"column":21},"end":{"line":167,"column":null}},"loc":{"start":{"line":167,"column":21},"end":{"line":168,"column":8}}},"12":{"name":"(anonymous_29)","decl":{"start":{"line":170,"column":12},"end":{"line":170,"column":13}},"loc":{"start":{"line":170,"column":33},"end":{"line":174,"column":7}}},"13":{"name":"(anonymous_30)","decl":{"start":{"line":175,"column":13},"end":{"line":175,"column":14}},"loc":{"start":{"line":175,"column":33},"end":{"line":178,"column":7}}},"14":{"name":"(anonymous_31)","decl":{"start":{"line":181,"column":26},"end":{"line":181,"column":27}},"loc":{"start":{"line":181,"column":37},"end":{"line":182,"column":8}}},"15":{"name":"(anonymous_32)","decl":{"start":{"line":184,"column":12},"end":{"line":184,"column":13}},"loc":{"start":{"line":184,"column":33},"end":{"line":187,"column":7}}},"16":{"name":"(anonymous_33)","decl":{"start":{"line":188,"column":13},"end":{"line":188,"column":14}},"loc":{"start":{"line":188,"column":33},"end":{"line":191,"column":7}}},"17":{"name":"(anonymous_34)","decl":{"start":{"line":194,"column":27},"end":{"line":194,"column":34}},"loc":{"start":{"line":194,"column":53},"end":{"line":213,"column":null}}},"18":{"name":"(anonymous_35)","decl":{"start":{"line":194,"column":53},"end":{"line":194,"column":null}},"loc":{"start":{"line":194,"column":53},"end":{"line":213,"column":null}}},"19":{"name":"(anonymous_37)","decl":{"start":{"line":197,"column":24},"end":{"line":197,"column":31}},"loc":{"start":{"line":197,"column":31},"end":{"line":200,"column":7}}},"20":{"name":"(anonymous_38)","decl":{"start":{"line":216,"column":16},"end":{"line":216,"column":23}},"loc":{"start":{"line":216,"column":44},"end":{"line":226,"column":null}}},"21":{"name":"(anonymous_39)","decl":{"start":{"line":216,"column":44},"end":{"line":216,"column":null}},"loc":{"start":{"line":216,"column":44},"end":{"line":226,"column":null}}},"22":{"name":"(anonymous_41)","decl":{"start":{"line":229,"column":19},"end":{"line":229,"column":20}},"loc":{"start":{"line":229,"column":43},"end":{"line":230,"column":8}}},"23":{"name":"(anonymous_42)","decl":{"start":{"line":232,"column":12},"end":{"line":232,"column":13}},"loc":{"start":{"line":232,"column":37},"end":{"line":240,"column":7}}},"24":{"name":"(anonymous_43)","decl":{"start":{"line":241,"column":13},"end":{"line":241,"column":14}},"loc":{"start":{"line":241,"column":33},"end":{"line":249,"column":7}}},"25":{"name":"(anonymous_44)","decl":{"start":{"line":45,"column":43},"end":{"line":45,"column":48}},"loc":{"start":{"line":45,"column":48},"end":{"line":45,"column":54}}},"26":{"name":"(anonymous_45)","decl":{"start":{"line":71,"column":33},"end":{"line":71,"column":34}},"loc":{"start":{"line":71,"column":50},"end":{"line":77,"column":5}}},"27":{"name":"(anonymous_46)","decl":{"start":{"line":80,"column":34},"end":{"line":80,"column":35}},"loc":{"start":{"line":80,"column":55},"end":{"line":85,"column":5}}},"28":{"name":"(anonymous_47)","decl":{"start":{"line":88,"column":30},"end":{"line":88,"column":31}},"loc":{"start":{"line":88,"column":51},"end":{"line":93,"column":5}}},"29":{"name":"(anonymous_48)","decl":{"start":{"line":96,"column":30},"end":{"line":96,"column":31}},"loc":{"start":{"line":96,"column":51},"end":{"line":101,"column":5}}},"30":{"name":"(anonymous_49)","decl":{"start":{"line":104,"column":30},"end":{"line":104,"column":31}},"loc":{"start":{"line":104,"column":51},"end":{"line":109,"column":5}}}},"branchMap":{"0":{"loc":{"start":{"line":117,"column":4},"end":{"line":117,"column":null}},"type":"if","locations":[{"start":{"line":117,"column":4},"end":{"line":117,"column":null}},{"start":{"line":117,"column":4},"end":{"line":117,"column":null}}]},"1":{"loc":{"start":{"line":120,"column":6},"end":{"line":120,"column":null}},"type":"if","locations":[{"start":{"line":120,"column":6},"end":{"line":120,"column":null}},{"start":{"line":120,"column":6},"end":{"line":120,"column":null}}]},"2":{"loc":{"start":{"line":129,"column":4},"end":{"line":134,"column":null}},"type":"if","locations":[{"start":{"line":129,"column":4},"end":{"line":134,"column":null}},{"start":{"line":129,"column":4},"end":{"line":134,"column":null}}]},"3":{"loc":{"start":{"line":131,"column":6},"end":{"line":133,"column":null}},"type":"if","locations":[{"start":{"line":131,"column":6},"end":{"line":133,"column":null}},{"start":{"line":131,"column":6},"end":{"line":133,"column":null}}]},"4":{"loc":{"start":{"line":133,"column":11},"end":{"line":133,"column":null}},"type":"if","locations":[{"start":{"line":133,"column":11},"end":{"line":133,"column":null}},{"start":{"line":133,"column":11},"end":{"line":133,"column":null}}]},"5":{"loc":{"start":{"line":133,"column":15},"end":{"line":133,"column":19}},"type":"binary-expr","locations":[{"start":{"line":133,"column":15},"end":{"line":133,"column":19}},{"start":{"line":133,"column":23},"end":{"line":133,"column":67}}]},"6":{"loc":{"start":{"line":139,"column":69},"end":{"line":139,"column":80}},"type":"cond-expr","locations":[{"start":{"line":139,"column":69},"end":{"line":139,"column":80}},{"start":{"line":139,"column":83},"end":{"line":139,"column":85}}]},"7":{"loc":{"start":{"line":142,"column":4},"end":{"line":154,"column":null}},"type":"if","locations":[{"start":{"line":142,"column":4},"end":{"line":154,"column":null}},{"start":{"line":142,"column":4},"end":{"line":154,"column":null}}]},"8":{"loc":{"start":{"line":152,"column":64},"end":{"line":152,"column":73}},"type":"binary-expr","locations":[{"start":{"line":152,"column":64},"end":{"line":152,"column":73}},{"start":{"line":152,"column":77},"end":{"line":152,"column":86}}]},"9":{"loc":{"start":{"line":176,"column":8},"end":{"line":176,"column":null}},"type":"if","locations":[{"start":{"line":176,"column":8},"end":{"line":176,"column":null}},{"start":{"line":176,"column":8},"end":{"line":176,"column":null}}]},"10":{"loc":{"start":{"line":189,"column":8},"end":{"line":189,"column":null}},"type":"if","locations":[{"start":{"line":189,"column":8},"end":{"line":189,"column":null}},{"start":{"line":189,"column":8},"end":{"line":189,"column":null}}]},"11":{"loc":{"start":{"line":196,"column":6},"end":{"line":196,"column":null}},"type":"if","locations":[{"start":{"line":196,"column":6},"end":{"line":196,"column":null}},{"start":{"line":196,"column":6},"end":{"line":196,"column":null}}]},"12":{"loc":{"start":{"line":198,"column":8},"end":{"line":199,"column":null}},"type":"if","locations":[{"start":{"line":198,"column":8},"end":{"line":199,"column":null}},{"start":{"line":198,"column":8},"end":{"line":199,"column":null}}]},"13":{"loc":{"start":{"line":210,"column":6},"end":{"line":210,"column":null}},"type":"if","locations":[{"start":{"line":210,"column":6},"end":{"line":210,"column":null}},{"start":{"line":210,"column":6},"end":{"line":210,"column":null}}]},"14":{"loc":{"start":{"line":223,"column":6},"end":{"line":223,"column":null}},"type":"if","locations":[{"start":{"line":223,"column":6},"end":{"line":223,"column":null}},{"start":{"line":223,"column":6},"end":{"line":223,"column":null}}]},"15":{"loc":{"start":{"line":242,"column":8},"end":{"line":242,"column":null}},"type":"if","locations":[{"start":{"line":242,"column":8},"end":{"line":242,"column":null}},{"start":{"line":242,"column":8},"end":{"line":242,"column":null}}]},"16":{"loc":{"start":{"line":44,"column":10},"end":{"line":44,"column":12}},"type":"binary-expr","locations":[{"start":{"line":44,"column":10},"end":{"line":44,"column":12}},{"start":{"line":44,"column":10},"end":{"line":44,"column":12}}]},"17":{"loc":{"start":{"line":45,"column":32},"end":{"line":45,"column":40}},"type":"cond-expr","locations":[{"start":{"line":45,"column":32},"end":{"line":45,"column":40}},{"start":{"line":45,"column":43},"end":{"line":45,"column":54}}]},"18":{"loc":{"start":{"line":59,"column":17},"end":{"line":59,"column":26}},"type":"binary-expr","locations":[{"start":{"line":59,"column":17},"end":{"line":59,"column":26}},{"start":{"line":59,"column":30},"end":{"line":59,"column":46}}]}},"s":{"0":1,"1":1,"2":1,"3":1,"4":1,"5":1,"6":1,"7":1,"8":1,"9":0,"10":0,"11":0,"12":0,"13":1,"14":2,"15":2,"16":2,"17":2,"18":0,"19":0,"20":0,"21":0,"22":1,"23":0,"24":1,"25":1,"26":0,"27":0,"28":0,"29":0,"30":1,"31":0,"32":1,"33":0,"34":1,"35":0,"36":1,"37":2,"38":1,"39":1,"40":1,"41":0,"42":0,"43":0,"44":1,"45":0,"46":0,"47":0,"48":0,"49":0,"50":0,"51":1,"52":0,"53":0,"54":0,"55":0,"56":0,"57":0,"58":0,"59":0,"60":0,"61":0,"62":0,"63":0,"64":0,"65":0,"66":1,"67":0,"68":0,"69":0,"70":0,"71":0,"72":0,"73":0,"74":0,"75":1,"76":0,"77":0,"78":0,"79":0,"80":0,"81":0,"82":0,"83":1,"84":1,"85":1,"86":1,"87":1,"88":1,"89":1,"90":1,"91":1,"92":1,"93":1,"94":1,"95":1,"96":1,"97":0,"98":0,"99":0,"100":1,"101":0,"102":1,"103":0,"104":1,"105":0,"106":1,"107":0,"108":1,"109":1,"110":1},"f":{"0":1,"1":1,"2":1,"3":2,"4":0,"5":1,"6":0,"7":0,"8":0,"9":0,"10":0,"11":2,"12":1,"13":0,"14":0,"15":0,"16":0,"17":0,"18":0,"19":0,"20":0,"21":0,"22":0,"23":0,"24":0,"25":0,"26":0,"27":0,"28":0,"29":0,"30":0},"b":{"0":[1,0],"1":[0,0],"2":[0,2],"3":[0,0],"4":[0,0],"5":[0,0],"6":[0,0],"7":[0,1],"8":[0,0],"9":[0,0],"10":[0,0],"11":[0,0],"12":[0,0],"13":[0,0],"14":[0,0],"15":[0,0],"16":[1,1],"17":[0,1],"18":[1,1]}}
,"/Users/dmitry/code/kirobo/ki-safe-transfer-lib/src/types.ts": {"path":"/Users/dmitry/code/kirobo/ki-safe-transfer-lib/src/types.ts","statementMap":{"0":{"start":{"line":1,"column":0},"end":{"line":1,"column":null}},"1":{"start":{"line":2,"column":2},"end":{"line":2,"column":null}},"2":{"start":{"line":5,"column":0},"end":{"line":5,"column":null}},"3":{"start":{"line":6,"column":2},"end":{"line":6,"column":null}},"4":{"start":{"line":7,"column":2},"end":{"line":7,"column":null}},"5":{"start":{"line":14,"column":0},"end":{"line":14,"column":null}},"6":{"start":{"line":15,"column":2},"end":{"line":15,"column":null}},"7":{"start":{"line":16,"column":2},"end":{"line":16,"column":null}},"8":{"start":{"line":17,"column":2},"end":{"line":17,"column":null}},"9":{"start":{"line":28,"column":0},"end":{"line":28,"column":null}},"10":{"start":{"line":29,"column":2},"end":{"line":29,"column":null}},"11":{"start":{"line":30,"column":2},"end":{"line":30,"column":null}},"12":{"start":{"line":31,"column":2},"end":{"line":31,"column":null}},"13":{"start":{"line":32,"column":2},"end":{"line":32,"column":null}},"14":{"start":{"line":132,"column":0},"end":{"line":132,"column":null}},"15":{"start":{"line":133,"column":2},"end":{"line":133,"column":null}},"16":{"start":{"line":134,"column":2},"end":{"line":134,"column":null}},"17":{"start":{"line":137,"column":0},"end":{"line":137,"column":null}},"18":{"start":{"line":138,"column":2},"end":{"line":138,"column":null}},"19":{"start":{"line":139,"column":2},"end":{"line":139,"column":null}},"20":{"start":{"line":140,"column":2},"end":{"line":140,"column":null}},"21":{"start":{"line":149,"column":0},"end":{"line":149,"column":null}},"22":{"start":{"line":150,"column":2},"end":{"line":150,"column":null}},"23":{"start":{"line":151,"column":2},"end":{"line":151,"column":null}},"24":{"start":{"line":152,"column":2},"end":{"line":152,"column":null}},"25":{"start":{"line":153,"column":2},"end":{"line":153,"column":null}},"26":{"start":{"line":154,"column":2},"end":{"line":154,"column":null}},"27":{"start":{"line":155,"column":2},"end":{"line":155,"column":null}},"28":{"start":{"line":156,"column":2},"end":{"line":156,"column":null}},"29":{"start":{"line":157,"column":2},"end":{"line":157,"column":null}},"30":{"start":{"line":158,"column":2},"end":{"line":158,"column":null}},"31":{"start":{"line":159,"column":2},"end":{"line":159,"column":null}}},"fnMap":{"0":{"name":"(anonymous_0)","decl":{"start":{"line":1,"column":0},"end":{"line":1,"column":12}},"loc":{"start":{"line":1,"column":22},"end":{"line":3,"column":1}}},"1":{"name":"(anonymous_1)","decl":{"start":{"line":5,"column":0},"end":{"line":5,"column":12}},"loc":{"start":{"line":5,"column":20},"end":{"line":8,"column":1}}},"2":{"name":"(anonymous_2)","decl":{"start":{"line":14,"column":0},"end":{"line":14,"column":12}},"loc":{"start":{"line":14,"column":23},"end":{"line":18,"column":1}}},"3":{"name":"(anonymous_3)","decl":{"start":{"line":28,"column":0},"end":{"line":28,"column":12}},"loc":{"start":{"line":28,"column":21},"end":{"line":33,"column":1}}},"4":{"name":"(anonymous_4)","decl":{"start":{"line":132,"column":0},"end":{"line":132,"column":12}},"loc":{"start":{"line":132,"column":21},"end":{"line":135,"column":1}}},"5":{"name":"(anonymous_5)","decl":{"start":{"line":137,"column":0},"end":{"line":137,"column":12}},"loc":{"start":{"line":137,"column":18},"end":{"line":141,"column":1}}},"6":{"name":"(anonymous_6)","decl":{"start":{"line":149,"column":0},"end":{"line":149,"column":12}},"loc":{"start":{"line":149,"column":22},"end":{"line":160,"column":1}}}},"branchMap":{"0":{"loc":{"start":{"line":1,"column":12},"end":{"line":1,"column":22}},"type":"binary-expr","locations":[{"start":{"line":1,"column":12},"end":{"line":1,"column":22}},{"start":{"line":1,"column":12},"end":{"line":1,"column":null}}]},"1":{"loc":{"start":{"line":5,"column":12},"end":{"line":5,"column":20}},"type":"binary-expr","locations":[{"start":{"line":5,"column":12},"end":{"line":5,"column":20}},{"start":{"line":5,"column":12},"end":{"line":5,"column":null}}]},"2":{"loc":{"start":{"line":14,"column":12},"end":{"line":14,"column":23}},"type":"binary-expr","locations":[{"start":{"line":14,"column":12},"end":{"line":14,"column":23}},{"start":{"line":14,"column":12},"end":{"line":14,"column":null}}]},"3":{"loc":{"start":{"line":28,"column":12},"end":{"line":28,"column":21}},"type":"binary-expr","locations":[{"start":{"line":28,"column":12},"end":{"line":28,"column":21}},{"start":{"line":28,"column":12},"end":{"line":28,"column":null}}]},"4":{"loc":{"start":{"line":132,"column":12},"end":{"line":132,"column":21}},"type":"binary-expr","locations":[{"start":{"line":132,"column":12},"end":{"line":132,"column":21}},{"start":{"line":132,"column":12},"end":{"line":132,"column":null}}]},"5":{"loc":{"start":{"line":137,"column":12},"end":{"line":137,"column":18}},"type":"binary-expr","locations":[{"start":{"line":137,"column":12},"end":{"line":137,"column":18}},{"start":{"line":137,"column":12},"end":{"line":137,"column":null}}]},"6":{"loc":{"start":{"line":149,"column":12},"end":{"line":149,"column":22}},"type":"binary-expr","locations":[{"start":{"line":149,"column":12},"end":{"line":149,"column":22}},{"start":{"line":149,"column":12},"end":{"line":149,"column":null}}]}},"s":{"0":1,"1":1,"2":1,"3":1,"4":1,"5":1,"6":1,"7":1,"8":1,"9":1,"10":1,"11":1,"12":1,"13":1,"14":1,"15":1,"16":1,"17":1,"18":1,"19":1,"20":1,"21":1,"22":1,"23":1,"24":1,"25":1,"26":1,"27":1,"28":1,"29":1,"30":1,"31":1},"f":{"0":1,"1":1,"2":1,"3":1,"4":1,"5":1,"6":1},"b":{"0":[1,1],"1":[1,1],"2":[1,1],"3":[1,1],"4":[1,1],"5":[1,1],"6":[1,1]}}
,"/Users/dmitry/code/kirobo/ki-safe-transfer-lib/src/validators.ts": {"path":"/Users/dmitry/code/kirobo/ki-safe-transfer-lib/src/validators.ts","statementMap":{"0":{"start":{"line":1,"column":0},"end":{"line":1,"column":51}},"1":{"start":{"line":4,"column":17},"end":{"line":4,"column":43}},"2":{"start":{"line":4,"column":36},"end":{"line":4,"column":null}},"3":{"start":{"line":12,"column":13},"end":{"line":13,"column":null}},"4":{"start":{"line":12,"column":34},"end":{"line":12,"column":41}},"5":{"start":{"line":12,"column":43},"end":{"line":12,"column":51}},"6":{"start":{"line":12,"column":53},"end":{"line":12,"column":64}},"7":{"start":{"line":13,"column":2},"end":{"line":13,"column":null}},"8":{"start":{"line":15,"column":13},"end":{"line":51,"column":null}},"9":{"start":{"line":16,"column":35},"end":{"line":19,"column":null}},"10":{"start":{"line":21,"column":22},"end":{"line":21,"column":51}},"11":{"start":{"line":21,"column":43},"end":{"line":21,"column":null}},"12":{"start":{"line":23,"column":24},"end":{"line":23,"column":53}},"13":{"start":{"line":23,"column":45},"end":{"line":23,"column":null}},"14":{"start":{"line":26,"column":2},"end":{"line":26,"column":null}},"15":{"start":{"line":26,"column":16},"end":{"line":26,"column":null}},"16":{"start":{"line":27,"column":2},"end":{"line":27,"column":null}},"17":{"start":{"line":27,"column":20},"end":{"line":27,"column":null}},"18":{"start":{"line":28,"column":2},"end":{"line":28,"column":null}},"19":{"start":{"line":28,"column":21},"end":{"line":28,"column":null}},"20":{"start":{"line":29,"column":2},"end":{"line":29,"column":null}},"21":{"start":{"line":29,"column":21},"end":{"line":29,"column":null}},"22":{"start":{"line":33,"column":2},"end":{"line":33,"column":null}},"23":{"start":{"line":33,"column":69},"end":{"line":33,"column":null}},"24":{"start":{"line":34,"column":2},"end":{"line":34,"column":null}},"25":{"start":{"line":34,"column":40},"end":{"line":34,"column":null}},"26":{"start":{"line":35,"column":2},"end":{"line":35,"column":null}},"27":{"start":{"line":35,"column":40},"end":{"line":35,"column":null}},"28":{"start":{"line":36,"column":2},"end":{"line":36,"column":null}},"29":{"start":{"line":36,"column":50},"end":{"line":36,"column":null}},"30":{"start":{"line":37,"column":2},"end":{"line":37,"column":null}},"31":{"start":{"line":37,"column":50},"end":{"line":37,"column":null}},"32":{"start":{"line":39,"column":21},"end":{"line":40,"column":12}},"33":{"start":{"line":40,"column":4},"end":{"line":40,"column":null}},"34":{"start":{"line":43,"column":2},"end":{"line":50,"column":null}},"35":{"start":{"line":44,"column":4},"end":{"line":48,"column":null}},"36":{"start":{"line":45,"column":6},"end":{"line":47,"column":null}},"37":{"start":{"line":46,"column":8},"end":{"line":46,"column":null}},"38":{"start":{"line":49,"column":4},"end":{"line":49,"column":null}}},"fnMap":{"0":{"name":"(anonymous_1)","decl":{"start":{"line":4,"column":17},"end":{"line":4,"column":18}},"loc":{"start":{"line":4,"column":31},"end":{"line":4,"column":43}}},"1":{"name":"(anonymous_2)","decl":{"start":{"line":12,"column":31},"end":{"line":12,"column":32}},"loc":{"start":{"line":12,"column":73},"end":{"line":13,"column":10}}},"2":{"name":"(anonymous_3)","decl":{"start":{"line":15,"column":28},"end":{"line":15,"column":29}},"loc":{"start":{"line":15,"column":82},"end":{"line":51,"column":1}}},"3":{"name":"(anonymous_4)","decl":{"start":{"line":21,"column":22},"end":{"line":21,"column":23}},"loc":{"start":{"line":21,"column":38},"end":{"line":21,"column":51}}},"4":{"name":"(anonymous_5)","decl":{"start":{"line":23,"column":24},"end":{"line":23,"column":25}},"loc":{"start":{"line":23,"column":40},"end":{"line":23,"column":53}}},"5":{"name":"(anonymous_6)","decl":{"start":{"line":39,"column":21},"end":{"line":39,"column":null}},"loc":{"start":{"line":39,"column":21},"end":{"line":40,"column":12}}},"6":{"name":"(anonymous_7)","decl":{"start":{"line":44,"column":41},"end":{"line":44,"column":44}},"loc":{"start":{"line":44,"column":44},"end":{"line":48,"column":5}}}},"branchMap":{"0":{"loc":{"start":{"line":13,"column":22},"end":{"line":13,"column":72}},"type":"cond-expr","locations":[{"start":{"line":13,"column":22},"end":{"line":13,"column":72}},{"start":{"line":13,"column":75},"end":{"line":13,"column":80}}]},"1":{"loc":{"start":{"line":26,"column":2},"end":{"line":26,"column":null}},"type":"if","locations":[{"start":{"line":26,"column":2},"end":{"line":26,"column":null}},{"start":{"line":26,"column":2},"end":{"line":26,"column":null}}]},"2":{"loc":{"start":{"line":27,"column":2},"end":{"line":27,"column":null}},"type":"if","locations":[{"start":{"line":27,"column":2},"end":{"line":27,"column":null}},{"start":{"line":27,"column":2},"end":{"line":27,"column":null}}]},"3":{"loc":{"start":{"line":28,"column":2},"end":{"line":28,"column":null}},"type":"if","locations":[{"start":{"line":28,"column":2},"end":{"line":28,"column":null}},{"start":{"line":28,"column":2},"end":{"line":28,"column":null}}]},"4":{"loc":{"start":{"line":29,"column":2},"end":{"line":29,"column":null}},"type":"if","locations":[{"start":{"line":29,"column":2},"end":{"line":29,"column":null}},{"start":{"line":29,"column":2},"end":{"line":29,"column":null}}]},"5":{"loc":{"start":{"line":33,"column":2},"end":{"line":33,"column":null}},"type":"if","locations":[{"start":{"line":33,"column":2},"end":{"line":33,"column":null}},{"start":{"line":33,"column":2},"end":{"line":33,"column":null}}]},"6":{"loc":{"start":{"line":34,"column":2},"end":{"line":34,"column":null}},"type":"if","locations":[{"start":{"line":34,"column":2},"end":{"line":34,"column":null}},{"start":{"line":34,"column":2},"end":{"line":34,"column":null}}]},"7":{"loc":{"start":{"line":35,"column":2},"end":{"line":35,"column":null}},"type":"if","locations":[{"start":{"line":35,"column":2},"end":{"line":35,"column":null}},{"start":{"line":35,"column":2},"end":{"line":35,"column":null}}]},"8":{"loc":{"start":{"line":36,"column":2},"end":{"line":36,"column":null}},"type":"if","locations":[{"start":{"line":36,"column":2},"end":{"line":36,"column":null}},{"start":{"line":36,"column":2},"end":{"line":36,"column":null}}]},"9":{"loc":{"start":{"line":36,"column":6},"end":{"line":36,"column":15}},"type":"binary-expr","locations":[{"start":{"line":36,"column":6},"end":{"line":36,"column":15}},{"start":{"line":36,"column":19},"end":{"line":36,"column":48}}]},"10":{"loc":{"start":{"line":37,"column":2},"end":{"line":37,"column":null}},"type":"if","locations":[{"start":{"line":37,"column":2},"end":{"line":37,"column":null}},{"start":{"line":37,"column":2},"end":{"line":37,"column":null}}]},"11":{"loc":{"start":{"line":37,"column":6},"end":{"line":37,"column":15}},"type":"binary-expr","locations":[{"start":{"line":37,"column":6},"end":{"line":37,"column":15}},{"start":{"line":37,"column":19},"end":{"line":37,"column":48}}]},"12":{"loc":{"start":{"line":40,"column":4},"end":{"line":40,"column":49}},"type":"binary-expr","locations":[{"start":{"line":40,"column":4},"end":{"line":40,"column":49}},{"start":{"line":40,"column":53},"end":{"line":40,"column":100}}]},"13":{"loc":{"start":{"line":43,"column":2},"end":{"line":50,"column":null}},"type":"if","locations":[{"start":{"line":43,"column":2},"end":{"line":50,"column":null}},{"start":{"line":43,"column":2},"end":{"line":50,"column":null}}]},"14":{"loc":{"start":{"line":45,"column":6},"end":{"line":47,"column":null}},"type":"if","locations":[{"start":{"line":45,"column":6},"end":{"line":47,"column":null}},{"start":{"line":45,"column":6},"end":{"line":47,"column":null}}]}},"s":{"0":1,"1":1,"2":0,"3":1,"4":0,"5":0,"6":0,"7":0,"8":1,"9":0,"10":0,"11":0,"12":0,"13":0,"14":0,"15":0,"16":0,"17":0,"18":0,"19":0,"20":0,"21":0,"22":0,"23":0,"24":0,"25":0,"26":0,"27":0,"28":0,"29":0,"30":0,"31":0,"32":0,"33":0,"34":0,"35":0,"36":0,"37":0,"38":0},"f":{"0":0,"1":0,"2":0,"3":0,"4":0,"5":0,"6":0},"b":{"0":[0,0],"1":[0,0],"2":[0,0],"3":[0,0],"4":[0,0],"5":[0,0],"6":[0,0],"7":[0,0],"8":[0,0],"9":[0,0],"10":[0,0],"11":[0,0],"12":[0,0],"13":[0,0],"14":[0,0]}}
}
