TN:
SF:src/config.ts
FN:30,(anonymous_1)
FN:51,Config
FN:119,(anonymous_3)
FN:126,(anonymous_4)
FN:132,(anonymous_5)
FN:134,(anonymous_6)
FN:55,(anonymous_7)
FN:56,(anonymous_8)
FN:65,(anonymous_9)
FN:81,(anonymous_10)
FN:98,(anonymous_11)
FN:101,(anonymous_12)
FN:104,(anonymous_13)
FN:110,(anonymous_14)
FN:113,(anonymous_15)
FNF:15
FNH:7
FNDA:1,(anonymous_1)
FNDA:1,Config
FNDA:1,(anonymous_3)
FNDA:4,(anonymous_4)
FNDA:4,(anonymous_5)
FNDA:1,(anonymous_6)
FNDA:0,(anonymous_7)
FNDA:0,(anonymous_8)
FNDA:1,(anonymous_9)
FNDA:0,(anonymous_10)
FNDA:0,(anonymous_11)
FNDA:0,(anonymous_12)
FNDA:0,(anonymous_13)
FNDA:0,(anonymous_14)
FNDA:0,(anonymous_15)
DA:1,1
DA:2,1
DA:3,1
DA:6,1
DA:30,1
DA:32,1
DA:33,1
DA:34,1
DA:40,1
DA:41,1
DA:51,1
DA:52,1
DA:53,1
DA:54,1
DA:55,1
DA:56,1
DA:59,1
DA:61,1
DA:64,1
DA:65,1
DA:66,1
DA:70,1
DA:71,1
DA:74,0
DA:80,1
DA:81,1
DA:82,0
DA:89,0
DA:96,1
DA:98,0
DA:99,0
DA:102,0
DA:105,0
DA:110,1
DA:111,0
DA:113,1
DA:114,0
DA:119,1
DA:120,1
DA:121,1
DA:122,0
DA:123,0
DA:126,1
DA:127,4
DA:128,4
DA:129,3
DA:132,4
DA:134,1
DA:140,1
DA:142,1
LF:50
LH:39
BRDA:120,0,0,0
BRDA:120,0,1,1
BRDA:121,1,0,1
BRDA:121,1,1,0
BRDA:122,2,0,0
BRDA:122,2,1,0
BRDA:128,3,0,1
BRDA:128,3,1,3
BRDA:53,4,0,0
BRDA:53,4,1,1
BRDA:54,5,0,0
BRDA:54,5,1,1
BRDA:55,6,0,1
BRDA:55,6,1,0
BRDA:56,7,0,1
BRDA:56,7,1,0
BRDA:71,8,0,1
BRDA:71,8,1,0
BRDA:76,9,0,0
BRDA:76,9,1,0
BRDA:91,10,0,0
BRDA:91,10,1,0
BRDA:96,11,0,0
BRDA:96,11,1,1
BRDA:102,12,0,0
BRDA:102,12,1,0
BRDA:105,13,0,0
BRDA:105,13,1,0
BRDA:111,14,0,0
BRDA:111,14,1,0
BRDA:114,15,0,0
BRDA:114,15,1,0
BRF:32
BRH:10
end_of_record
TN:
SF:src/index.ts
FN:33,(anonymous_17)
FN:42,Service
FN:113,(anonymous_19)
FN:127,(anonymous_20)
FN:138,(anonymous_21)
FN:141,(anonymous_22)
FN:145,(anonymous_23)
FN:149,(anonymous_24)
FN:158,(anonymous_25)
FN:161,(anonymous_26)
FN:164,(anonymous_27)
FN:167,(anonymous_28)
FN:170,(anonymous_29)
FN:175,(anonymous_30)
FN:181,(anonymous_31)
FN:184,(anonymous_32)
FN:188,(anonymous_33)
FN:194,(anonymous_34)
FN:194,(anonymous_35)
FN:197,(anonymous_37)
FN:216,(anonymous_38)
FN:216,(anonymous_39)
FN:229,(anonymous_41)
FN:232,(anonymous_42)
FN:241,(anonymous_43)
FN:45,(anonymous_44)
FN:71,(anonymous_45)
FN:80,(anonymous_46)
FN:88,(anonymous_47)
FN:96,(anonymous_48)
FN:104,(anonymous_49)
FNF:31
FNH:7
FNDA:1,(anonymous_17)
FNDA:1,Service
FNDA:1,(anonymous_19)
FNDA:2,(anonymous_20)
FNDA:0,(anonymous_21)
FNDA:1,(anonymous_22)
FNDA:0,(anonymous_23)
FNDA:0,(anonymous_24)
FNDA:0,(anonymous_25)
FNDA:0,(anonymous_26)
FNDA:0,(anonymous_27)
FNDA:2,(anonymous_28)
FNDA:1,(anonymous_29)
FNDA:0,(anonymous_30)
FNDA:0,(anonymous_31)
FNDA:0,(anonymous_32)
FNDA:0,(anonymous_33)
FNDA:0,(anonymous_34)
FNDA:0,(anonymous_35)
FNDA:0,(anonymous_37)
FNDA:0,(anonymous_38)
FNDA:0,(anonymous_39)
FNDA:0,(anonymous_41)
FNDA:0,(anonymous_42)
FNDA:0,(anonymous_43)
FNDA:0,(anonymous_44)
FNDA:0,(anonymous_45)
FNDA:0,(anonymous_46)
FNDA:0,(anonymous_47)
FNDA:0,(anonymous_48)
FNDA:0,(anonymous_49)
DA:1,1
DA:2,1
DA:24,1
DA:33,1
DA:40,1
DA:42,1
DA:44,1
DA:45,1
DA:47,1
DA:57,1
DA:63,1
DA:64,1
DA:65,1
DA:66,1
DA:71,1
DA:72,0
DA:73,0
DA:80,1
DA:81,0
DA:88,1
DA:89,0
DA:96,1
DA:97,0
DA:104,1
DA:105,0
DA:113,1
DA:117,1
DA:119,0
DA:120,0
DA:122,0
DA:127,2
DA:129,2
DA:131,0
DA:133,0
DA:138,1
DA:139,0
DA:141,1
DA:142,1
DA:143,0
DA:146,0
DA:147,0
DA:150,0
DA:158,1
DA:161,1
DA:164,1
DA:167,1
DA:168,2
DA:171,1
DA:172,1
DA:173,1
DA:176,0
DA:177,0
DA:181,1
DA:182,0
DA:185,0
DA:186,0
DA:189,0
DA:190,0
DA:194,1
DA:196,0
DA:197,0
DA:198,0
DA:199,0
DA:202,0
DA:204,0
DA:206,0
DA:208,0
DA:210,0
DA:211,0
DA:216,1
DA:218,0
DA:220,0
DA:221,0
DA:223,0
DA:224,0
DA:229,1
DA:230,0
DA:233,0
DA:235,0
DA:242,0
DA:243,0
DA:245,0
DA:250,1
DA:252,1
DA:253,1
LF:85
LH:41
BRDA:117,0,0,1
BRDA:117,0,1,0
BRDA:120,1,0,0
BRDA:120,1,1,0
BRDA:129,2,0,0
BRDA:129,2,1,2
BRDA:131,3,0,0
BRDA:131,3,1,0
BRDA:133,4,0,0
BRDA:133,4,1,0
BRDA:133,5,0,0
BRDA:133,5,1,0
BRDA:139,6,0,0
BRDA:139,6,1,0
BRDA:142,7,0,0
BRDA:142,7,1,1
BRDA:152,8,0,0
BRDA:152,8,1,0
BRDA:176,9,0,0
BRDA:176,9,1,0
BRDA:189,10,0,0
BRDA:189,10,1,0
BRDA:196,11,0,0
BRDA:196,11,1,0
BRDA:198,12,0,0
BRDA:198,12,1,0
BRDA:210,13,0,0
BRDA:210,13,1,0
BRDA:223,14,0,0
BRDA:223,14,1,0
BRDA:242,15,0,0
BRDA:242,15,1,0
BRDA:44,16,0,1
BRDA:44,16,1,1
BRDA:45,17,0,0
BRDA:45,17,1,1
BRDA:59,18,0,1
BRDA:59,18,1,1
BRF:38
BRH:8
end_of_record
TN:
SF:src/types.ts
FN:1,(anonymous_0)
FN:5,(anonymous_1)
FN:14,(anonymous_2)
FN:28,(anonymous_3)
FN:132,(anonymous_4)
FN:137,(anonymous_5)
FN:149,(anonymous_6)
FNF:7
FNH:7
FNDA:1,(anonymous_0)
FNDA:1,(anonymous_1)
FNDA:1,(anonymous_2)
FNDA:1,(anonymous_3)
FNDA:1,(anonymous_4)
FNDA:1,(anonymous_5)
FNDA:1,(anonymous_6)
DA:1,1
DA:2,1
DA:5,1
DA:6,1
DA:7,1
DA:14,1
DA:15,1
DA:16,1
DA:17,1
DA:28,1
DA:29,1
DA:30,1
DA:31,1
DA:32,1
DA:132,1
DA:133,1
DA:134,1
DA:137,1
DA:138,1
DA:139,1
DA:140,1
DA:149,1
DA:150,1
DA:151,1
DA:152,1
DA:153,1
DA:154,1
DA:155,1
DA:156,1
DA:157,1
DA:158,1
DA:159,1
LF:32
LH:32
BRDA:1,0,0,1
BRDA:1,0,1,1
BRDA:5,1,0,1
BRDA:5,1,1,1
BRDA:14,2,0,1
BRDA:14,2,1,1
BRDA:28,3,0,1
BRDA:28,3,1,1
BRDA:132,4,0,1
BRDA:132,4,1,1
BRDA:137,5,0,1
BRDA:137,5,1,1
BRDA:149,6,0,1
BRDA:149,6,1,1
BRF:14
BRH:14
end_of_record
TN:
SF:src/validators.ts
FN:4,(anonymous_1)
FN:12,(anonymous_2)
FN:15,(anonymous_3)
FN:21,(anonymous_4)
FN:23,(anonymous_5)
FN:39,(anonymous_6)
FN:44,(anonymous_7)
FNF:7
FNH:0
FNDA:0,(anonymous_1)
FNDA:0,(anonymous_2)
FNDA:0,(anonymous_3)
FNDA:0,(anonymous_4)
FNDA:0,(anonymous_5)
FNDA:0,(anonymous_6)
FNDA:0,(anonymous_7)
DA:1,1
DA:4,1
DA:12,1
DA:13,0
DA:15,1
DA:16,0
DA:21,0
DA:23,0
DA:26,0
DA:27,0
DA:28,0
DA:29,0
DA:33,0
DA:34,0
DA:35,0
DA:36,0
DA:37,0
DA:39,0
DA:40,0
DA:43,0
DA:44,0
DA:45,0
DA:46,0
DA:49,0
LF:24
LH:4
BRDA:13,0,0,0
BRDA:13,0,1,0
BRDA:26,1,0,0
BRDA:26,1,1,0
BRDA:27,2,0,0
BRDA:27,2,1,0
BRDA:28,3,0,0
BRDA:28,3,1,0
BRDA:29,4,0,0
BRDA:29,4,1,0
BRDA:33,5,0,0
BRDA:33,5,1,0
BRDA:34,6,0,0
BRDA:34,6,1,0
BRDA:35,7,0,0
BRDA:35,7,1,0
BRDA:36,8,0,0
BRDA:36,8,1,0
BRDA:36,9,0,0
BRDA:36,9,1,0
BRDA:37,10,0,0
BRDA:37,10,1,0
BRDA:37,11,0,0
BRDA:37,11,1,0
BRDA:40,12,0,0
BRDA:40,12,1,0
BRDA:43,13,0,0
BRDA:43,13,1,0
BRDA:45,14,0,0
BRDA:45,14,1,0
BRF:30
BRH:0
end_of_record
